<?xml version="1.0" encoding="utf-8" standalone="no"?>
<!--This file represents the results of running a test suite-->
<test-results name="C:\Users\yusko.ULS\Documents\GitHub\SalesTax\TestNunit\TestNunitSales.nunit" total="1" errors="1" failures="0" not-run="0" inconclusive="0" ignored="0" skipped="0" invalid="0" date="2014-01-16" time="16:41:39">
  <environment nunit-version="2.6.3.13283" clr-version="2.0.50727.6407" os-version="Microsoft Windows NT 6.2.9200.0" platform="Win32NT" cwd="C:\Program Files (x86)\NUnit 2.6.3\bin" machine-name="FEMSHEP" user="yusko" user-domain="ULS" />
  <culture-info current-culture="en-US" current-uiculture="en-US" />
  <test-suite type="Project" name="C:\Users\yusko.ULS\Documents\GitHub\SalesTax\TestNunit\TestNunitSales.nunit" executed="True" result="Failure" success="False" time="0.065" asserts="0">
    <results>
      <test-suite type="Assembly" name="C:\Users\yusko.ULS\Documents\GitHub\SalesTax\TestNunit\bin\Debug\TestNunit.dll" executed="True" result="Failure" success="False" time="0.043" asserts="0">
        <results>
          <test-suite type="Namespace" name="SalesTax" executed="True" result="Failure" success="False" time="0.043" asserts="0">
            <results>
              <test-suite type="TestFixture" name="TestNunitSalesTax" executed="True" result="Failure" success="False" time="0.040" asserts="0">
                <results>
                  <test-case name="SalesTax.TestNunitSalesTax.isProductEqual" executed="True" result="Error" success="False" time="0.028" asserts="0">
                    <failure>
                      <message><![CDATA[SetUp : System.BadImageFormatException : Could not load file or assembly 'SalesTax, Version=1.0.0.0, Culture=neutral, PublicKeyToken=null' or one of its dependencies. An attempt was made to load a program with an incorrect format.]]></message>
                      <stack-trace><![CDATA[at SalesTax.TestNunitSalesTax.init()
]]></stack-trace>
                    </failure>
                  </test-case>
                </results>
              </test-suite>
            </results>
          </test-suite>
        </results>
      </test-suite>
    </results>
  </test-suite>
</test-results>